c:\users\rapht\desktop\school\comp graphic and visualization\milestone project\milestone project\debug\vc142.pdb
c:\users\rapht\desktop\school\comp graphic and visualization\milestone project\milestone project\debug\vc142.idb
c:\users\rapht\desktop\school\comp graphic and visualization\milestone project\milestone project\debug\source.obj
c:\users\rapht\desktop\school\comp graphic and visualization\milestone project\milestone project\debug\vertexbuffer.obj
c:\users\rapht\desktop\school\comp graphic and visualization\milestone project\milestone project\debug\renderer.obj
c:\users\rapht\desktop\school\comp graphic and visualization\milestone project\milestone project\debug\indexbuffer.obj
c:\users\rapht\desktop\school\comp graphic and visualization\milestone project\milestone project\debug\vertexarray.obj
c:\users\rapht\desktop\school\comp graphic and visualization\milestone project\milestone project\debug\shader.obj
c:\users\rapht\desktop\school\comp graphic and visualization\milestone project\debug\milestone project.exe
c:\users\rapht\desktop\school\comp graphic and visualization\milestone project\milestone project\debug\milestone project.ilk
c:\users\rapht\desktop\school\comp graphic and visualization\milestone project\debug\milestone project.pdb
c:\users\rapht\desktop\school\computer science capstone\project\milestone project\milestone project\debug\indexbuffer.obj
c:\users\rapht\desktop\school\computer science capstone\project\milestone project\milestone project\debug\renderer.obj
c:\users\rapht\desktop\school\computer science capstone\project\milestone project\milestone project\debug\shader.obj
c:\users\rapht\desktop\school\computer science capstone\project\milestone project\milestone project\debug\source.obj
c:\users\rapht\desktop\school\computer science capstone\project\milestone project\milestone project\debug\vertexarray.obj
c:\users\rapht\desktop\school\computer science capstone\project\milestone project\milestone project\debug\vertexbuffer.obj
c:\users\rapht\desktop\school\computer science capstone\project\milestone project\milestone project\debug\source.obj.enc
c:\users\rapht\desktop\school\computer science capstone\project\milestone project\milestone project\debug\milestone project.ilk
c:\users\rapht\desktop\school\computer science capstone\project\milestone project\milestone project\debug\vc142.idb
c:\users\rapht\desktop\school\computer science capstone\project\milestone project\milestone project\debug\vc142.pdb
c:\users\rapht\desktop\school\computer science capstone\project\milestone project\debug\milestone project.pdb
c:\users\rapht\desktop\school\computer science capstone\project\milestone project\debug\milestone project.exe
c:\users\rapht\desktop\school\computer science capstone\project\milestone project\milestone project\debug\mileston.15ceb154.tlog\cl.command.1.tlog
c:\users\rapht\desktop\school\computer science capstone\project\milestone project\milestone project\debug\mileston.15ceb154.tlog\cl.read.1.tlog
c:\users\rapht\desktop\school\computer science capstone\project\milestone project\milestone project\debug\mileston.15ceb154.tlog\cl.write.1.tlog
c:\users\rapht\desktop\school\computer science capstone\project\milestone project\milestone project\debug\mileston.15ceb154.tlog\link.command.1.tlog
c:\users\rapht\desktop\school\computer science capstone\project\milestone project\milestone project\debug\mileston.15ceb154.tlog\link.read.1.tlog
c:\users\rapht\desktop\school\computer science capstone\project\milestone project\milestone project\debug\mileston.15ceb154.tlog\link.write.1.tlog
